<?xml version="1.0" encoding="UTF-8"?>
<testsuite name="com.salesorders.test.classes.AssetServiceTest" tests="4" skipped="0" failures="0" errors="0" timestamp="2016-03-10T11:36:33" hostname="THD-ER-003" time="0.322">
  <properties/>
  <testcase name="testInsertAsset" classname="com.salesorders.test.classes.AssetServiceTest" time="0.314"/>
  <testcase name="testInsertChildAsset" classname="com.salesorders.test.classes.AssetServiceTest" time="0.002"/>
  <testcase name="testfindAssettById" classname="com.salesorders.test.classes.AssetServiceTest" time="0.002"/>
  <testcase name="testFindAllAssets" classname="com.salesorders.test.classes.AssetServiceTest" time="0.004"/>
  <system-out><![CDATA[Asset:[assetid:8, assetType: PARRENTASSET, name: chair, description: small white chair, size: (5,6), color: purple]
null
Asset:[assetid:1, assetType: PARRENTASSET, name: Easter egg, description: simple red easter egg, size: (5,7), color: red]
Asset:[assetid:1, assetType: PARRENTASSET, name: Easter egg, description: simple red easter egg, size: (5,7), color: red]
Asset:[assetid:2, assetType: PARRENTASSET, name: Easter choclate bunny, description: simple choclate bunny, size: (7,15), color: gold]
Asset:[assetid:3, assetType: PARRENTASSET, name: Red wine, description: dry red wine, size: (0,0), color: red]
Asset:[assetid:4, assetType: PARRENTASSET, name: Potatos, description: simple potatos, size: (5,5), color: brown]
Asset:[assetid:5, assetType: PARRENTASSET, name: Egg, description: chicken egg, size: (5,7), color: yellow]
Asset:[assetid:6, assetType: PARRENTASSET, name: Ketchup, description: chilly ketchup, size: (0,0), color: red]
Asset:[assetid:7, assetType: PARRENTASSET, name: Table, description: small table, size: (2,3), color: black]
Asset:[assetid:8, assetType: PARRENTASSET, name: chair, description: small white chair, size: (5,6), color: purple]
]]></system-out>
  <system-err><![CDATA[]]></system-err>
</testsuite>
