<?xml version="1.0" encoding="UTF-8"?>
<testsuite name="com.salesorders.test.classes.LocationServiceTest" tests="3" skipped="0" failures="0" errors="0" timestamp="2016-03-10T11:36:33" hostname="THD-ER-003" time="0.049">
  <properties/>
  <testcase name="testfindALocationById" classname="com.salesorders.test.classes.LocationServiceTest" time="0.009"/>
  <testcase name="testFindAllLocations" classname="com.salesorders.test.classes.LocationServiceTest" time="0.003"/>
  <testcase name="testInsertLocation" classname="com.salesorders.test.classes.LocationServiceTest" time="0.037"/>
  <system-out><![CDATA[DROP TABLE IF EXISTS ASSETS

DROP TABLE IF EXISTS LOCATIONS

DROP TABLE IF EXISTS SALESORDERTRANS

CREATE TABLE Assets
(
ASSET_ID INT NOT NULL PRIMARY KEY AUTO_INCREMENT,
NAME varchar(30) NOT NULL,
DESCRIPTION varchar(255),
SIZEX INT,
SIZEY INT,
COLOR varchar(30),
ASSETTYPE varchar(30),
CHILD_DESCRIPTION varchar(255)
)

CREATE TABLE LOCATIONS
(
LOCATION_ID INT NOT NULL PRIMARY KEY AUTO_INCREMENT,
NAME varchar(30) NOT NULL,
ADDRESS varchar(255)
)

CREATE TABLE SALESORDERTRANS
(TRANS_ID INT NOT NULL PRIMARY KEY AUTO_INCREMENT,
ASSETID INT NOT NULL,
LOCATION_ID INT NOT NULL,
QUANTITY INT NOT NULL,
PRICE DOUBLE NOT NULL,
CURRENCY VARCHAR(3) DEFAULT 'HUF',
FOREIGN KEY (ASSETID) REFERENCES ASSETS(ASSET_ID),
FOREIGN KEY (LOCATION_ID) REFERENCES LOCATIONS(LOCATION_ID))

INSERT INTO ASSETS(NAME,DESCRIPTION,SIZEX,SIZEY,COLOR, ASSETTYPE) VALUES
('Easter egg','simple red easter egg',5, 7,'red','PARRENTASSET'),
('Easter choclate bunny','simple choclate bunny',7, 15,'gold','PARRENTASSET'),
('Red wine','dry red wine',0, 0,'red','PARRENTASSET'),
('Potatos','simple potatos',5, 5,'brown','PARRENTASSET'),
('Egg','chicken egg',5, 7,'yellow','PARRENTASSET'),
('Ketchup','chilly ketchup',0, 0,'red','PARRENTASSET'),
('Table','small table',2, 3,'black','PARRENTASSET')

INSERT INTO LOCATIONS(NAME,ADDRESS) VALUES
('Big Meal Store','Elm street 13'),
('Big Furniture Store','Baker steet 18')

INSERT INTO SALESORDERTRANS(ASSETID,LOCATION_ID, QUANTITY,PRICE) VALUES
(2,2,100,25400)

Location:[id: 1, name: Big Meal Store, address:Elm street 13]
Location:[id: 1, name: Big Meal Store, address:Elm street 13]
Location:[id: 2, name: Big Furniture Store, address:Baker steet 18]
Location:[id: 3, name: Big Fish Store, address:Karinty Frigzes ut 17]
]]></system-out>
  <system-err><![CDATA[]]></system-err>
</testsuite>
